<?xml version="1.0" encoding="UTF-8"?>
<!-- Generated by org.testng.reporters.JUnitReportReporter -->
<testsuite hostname="Sandy-Desktop" failures="0" tests="2" name="com.goibibo.flightsbooking.GoibiboPOMFramework" time="9.025" errors="0" timestamp="2024-09-17T13:03:24 WIB" skipped="0">
  <testcase classname="com.goibibo.flightsbooking.GoibiboPOMFramework" name="testWithFactoryPage" time="6.642"/>
  <testcase classname="com.goibibo.flightsbooking.GoibiboPOMFramework" name="testWithFactoryPage" time="2.383"/>
</testsuite> <!-- com.goibibo.flightsbooking.GoibiboPOMFramework -->
