<?xml version="1.0" encoding="UTF-8"?>
<!-- Generated by org.testng.reporters.JUnitReportReporter -->
<testsuite hostname="Sandy-Desktop" failures="0" tests="1" name="com.goibibo.flightsbooking.GoibiboPOM" time="2.209" errors="0" timestamp="2024-09-20T15:31:05 WIB" skipped="0">
  <testcase classname="com.goibibo.flightsbooking.GoibiboPOM" name="testGoibiboFlightTab" time="2.209"/>
</testsuite> <!-- com.goibibo.flightsbooking.GoibiboPOM -->
