<?xml version="1.0" encoding="UTF-8"?>
<!-- Generated by org.testng.reporters.JUnitReportReporter -->
<testsuite hostname="Sandy-Desktop" failures="0" tests="1" name="com.goibibo.flightsbooking.GoibiboPOM" time="2.736" errors="0" timestamp="2024-09-17T11:56:29 WIB" skipped="0">
  <testcase classname="com.goibibo.flightsbooking.GoibiboPOM" name="testWithFactoryPage" time="2.736"/>
</testsuite> <!-- com.goibibo.flightsbooking.GoibiboPOM -->
