<?xml version="1.0" encoding="UTF-8"?>
<!-- Generated by org.testng.reporters.JUnitReportReporter -->
<testsuite hostname="Sandy-Desktop" failures="0" tests="2" name="com.goibibo.flightsbooking.GoibiboPOMFramework" time="10.280" errors="0" timestamp="2024-09-18T20:55:16 WIB" skipped="0">
  <testcase classname="com.goibibo.flightsbooking.GoibiboPOMFramework" name="testWithFactoryPage" time="2.740"/>
  <testcase classname="com.goibibo.flightsbooking.GoibiboPOMFramework" name="testWithFactoryPage" time="7.540"/>
</testsuite> <!-- com.goibibo.flightsbooking.GoibiboPOMFramework -->
