<?xml version="1.0" encoding="UTF-8"?>
<!-- Generated by org.testng.reporters.JUnitReportReporter -->
<testsuite hostname="Sandy-Desktop" failures="0" tests="2" name="com.goibibo.flightsbooking.GoibiboPOMFramework" time="9.858" errors="0" timestamp="2024-09-25T16:52:15 WIB" skipped="0">
  <testcase classname="com.goibibo.flightsbooking.GoibiboPOMFramework" name="testGoibiboFlightTab" time="6.587"/>
  <testcase classname="com.goibibo.flightsbooking.GoibiboPOMFramework" name="testGoibiboFlightTab" time="3.271"/>
</testsuite> <!-- com.goibibo.flightsbooking.GoibiboPOMFramework -->
